<?xml version="1.0" encoding="UTF-8"?><testsuite errors="1" failures="0" name="A user wants register in web site UTest.com" skipped="0" tests="1" time="4.67" timestamp="2021-02-20 12:36:07"><testcase name="Register an user correctly"><error message="Could not instantiate class org.openqa.selenium.firefox.FirefoxDriver" type="net.thucydides.core.webdriver.DriverConfigurationError">Could not instantiate class org.openqa.selenium.firefox.FirefoxDriver</error><system-err>Could not instantiate class org.openqa.selenium.firefox.FirefoxDriver&#13;
technicalTest.tasks.navigate_to.performAs(navigate_to.java:22)&#13;
technicalTest.stepDefinitions.register_user_step_definition.anUserWantRegisterInUTestCom(register_user_step_definition.java:29)&#13;
cucumber.runner.Runner.runPickle(Runner.java:80)&#13;
</system-err></testcase></testsuite>